07:05:15.602  1038 DEBUG fr.sparna.rdf.xls2rdf.app.Convert - Will use output format : text/turtle
07:05:15.605  1041 DEBUG fr.sparna.rdf.xls2rdf.app.Convert - Will use ModelWriter : fr.sparna.rdf.xls2rdf.OutputStreamModelWriter
07:05:16.637  2073 DEBUG f.s.rdf.xls2rdf.Xls2RdfConverter - Processing sheet: Sheet1
07:05:16.649  2085 INFO  f.sparna.rdf.xls2rdf.RdfizableSheet - Found proper property in header : http://purl.org/test/variables/
07:05:16.652  2088 INFO  f.sparna.rdf.xls2rdf.RdfizableSheet - Found proper property in header : http://www.w3.org/2004/02/skos/core#
07:05:16.656  2092 INFO  f.sparna.rdf.xls2rdf.RdfizableSheet - Found proper property in header : http://purl.org/pav/
07:05:16.658  2094 INFO  f.sparna.rdf.xls2rdf.RdfizableSheet - Found proper property in header : http://purl.org/dc/terms/
07:05:16.660  2096 INFO  f.sparna.rdf.xls2rdf.RdfizableSheet - Found proper property in header : http://qudt.org/schema/qudt/
07:05:16.663  2099 INFO  f.sparna.rdf.xls2rdf.RdfizableSheet - Found proper property in header : http://qudt.org/vocab/unit/
07:05:16.676  2112 ERROR f.s.rdf.xls2rdf.ColumnHeaderParser - Unsuccessfull parsing of header parameters for header 'Date when vocabulary was initially created (follow https://en.wikipedia.org/wiki/ISO_8601)', Exception is java.lang.ArrayIndexOutOfBoundsException : Index 1 out of bounds for length 1
07:05:16.680  2116 INFO  f.sparna.rdf.xls2rdf.RdfizableSheet - Found proper property in header : http://www.w3.org/2004/02/skos/core#prefLabel
07:05:16.682  2118 INFO  f.sparna.rdf.xls2rdf.RdfizableSheet - Found proper property in header : http://qudt.org/schema/qudt/unit
07:05:16.682  2118 INFO  f.sparna.rdf.xls2rdf.RdfizableSheet - Found proper property in header : http://www.w3.org/2004/02/skos/core#altLabel
07:05:16.683  2119 INFO  f.sparna.rdf.xls2rdf.RdfizableSheet - Found proper property in header : http://www.w3.org/2004/02/skos/core#definition
07:05:16.684  2120 INFO  f.sparna.rdf.xls2rdf.RdfizableSheet - Found proper property in header : http://purl.org/dc/terms/source
07:05:16.685  2121 INFO  f.sparna.rdf.xls2rdf.RdfizableSheet - Found proper property in header : http://www.w3.org/2004/02/skos/core#broader
07:05:16.686  2122 INFO  f.sparna.rdf.xls2rdf.RdfizableSheet - Found proper property in header : http://www.w3.org/2004/02/skos/core#exactMatch
07:05:16.686  2122 INFO  f.sparna.rdf.xls2rdf.RdfizableSheet - Found proper property in header : http://www.w3.org/2004/02/skos/core#closeMatch
07:05:16.687  2123 INFO  f.sparna.rdf.xls2rdf.RdfizableSheet - Found proper property in header : http://www.w3.org/2004/02/skos/core#editorialNote
07:05:16.687  2123 INFO  f.sparna.rdf.xls2rdf.RdfizableSheet - Found at least 2 headers with proper property declaration in the first 10 columns, title row is at index 17
07:05:16.692  2128 DEBUG f.s.rdf.xls2rdf.Xls2RdfConverter - Found title row at index 17
07:05:16.695  2131 DEBUG f.s.rdf.xls2rdf.Xls2RdfConverter - Adding value on header object "DTUbib test" with lang en
07:05:16.699  2135 DEBUG f.s.rdf.xls2rdf.Xls2RdfConverter - Adding value on header object "DTUbib test" with lang en
07:05:16.700  2136 DEBUG f.s.rdf.xls2rdf.Xls2RdfConverter - Adding value on header object "Hannah" with lang en
07:05:16.705  2141 ERROR f.s.rdf.xls2rdf.ColumnHeaderParser - Unsuccessfull parsing of header parameters for header 'Definition of terms (optionally properties)', Exception is java.lang.ArrayIndexOutOfBoundsException : Index 1 out of bounds for length 1
07:05:16.705  2141 DEBUG f.s.rdf.xls2rdf.Xls2RdfConverter - Converting data with these column headers: 
07:05:16.706  2142 DEBUG f.s.rdf.xls2rdf.Xls2RdfConverter - ColumnHeader [originalValue=Identifier, language=Optional.empty, datatype=Optional.empty, property=null, declaredProperty=Identifier, inverse=false, parameters={}, id=null, reconcileOn=null, headerCell=Identifier]
07:05:16.716  2152 DEBUG f.s.rdf.xls2rdf.Xls2RdfConverter - ColumnHeader [originalValue=skos:prefLabel@en, language=Optional[en], datatype=Optional.empty, property=http://www.w3.org/2004/02/skos/core#prefLabel, declaredProperty=skos:prefLabel, inverse=false, parameters={}, id=null, reconcileOn=null, headerCell=skos:prefLabel@en]
07:05:16.717  2153 DEBUG f.s.rdf.xls2rdf.Xls2RdfConverter - ColumnHeader [originalValue=qudt:unit(separator=","), language=Optional.empty, datatype=Optional.empty, property=http://qudt.org/schema/qudt/unit, declaredProperty=qudt:unit, inverse=false, parameters={separator=,}, id=null, reconcileOn=null, headerCell=qudt:unit(separator=",")]
07:05:16.718  2154 DEBUG f.s.rdf.xls2rdf.Xls2RdfConverter - ColumnHeader [originalValue=skos:altLabel(separator=";"), language=Optional.empty, datatype=Optional.empty, property=http://www.w3.org/2004/02/skos/core#altLabel, declaredProperty=skos:altLabel, inverse=false, parameters={separator=;}, id=null, reconcileOn=null, headerCell=skos:altLabel(separator=";")]
07:05:16.726  2162 DEBUG f.s.rdf.xls2rdf.Xls2RdfConverter - ColumnHeader [originalValue=skos:definition@en, language=Optional[en], datatype=Optional.empty, property=http://www.w3.org/2004/02/skos/core#definition, declaredProperty=skos:definition, inverse=false, parameters={}, id=null, reconcileOn=null, headerCell=skos:definition@en]
07:05:16.726  2162 DEBUG f.s.rdf.xls2rdf.Xls2RdfConverter - ColumnHeader [originalValue=dct:source(separator=","), language=Optional.empty, datatype=Optional.empty, property=http://purl.org/dc/terms/source, declaredProperty=dct:source, inverse=false, parameters={separator=,}, id=null, reconcileOn=null, headerCell=dct:source(separator=",")]
07:05:16.727  2163 DEBUG f.s.rdf.xls2rdf.Xls2RdfConverter - ColumnHeader [originalValue=skos:broader(separator=","), language=Optional.empty, datatype=Optional.empty, property=http://www.w3.org/2004/02/skos/core#broader, declaredProperty=skos:broader, inverse=false, parameters={separator=,}, id=null, reconcileOn=null, headerCell=skos:broader(separator=",")]
07:05:16.729  2165 DEBUG f.s.rdf.xls2rdf.Xls2RdfConverter - ColumnHeader [originalValue=skos:exactMatch(separator=","), language=Optional.empty, datatype=Optional.empty, property=http://www.w3.org/2004/02/skos/core#exactMatch, declaredProperty=skos:exactMatch, inverse=false, parameters={separator=,}, id=null, reconcileOn=null, headerCell=skos:exactMatch(separator=",")]
07:05:16.729  2165 DEBUG f.s.rdf.xls2rdf.Xls2RdfConverter - ColumnHeader [originalValue=skos:closeMatch(separator=","), language=Optional.empty, datatype=Optional.empty, property=http://www.w3.org/2004/02/skos/core#closeMatch, declaredProperty=skos:closeMatch, inverse=false, parameters={separator=,}, id=null, reconcileOn=null, headerCell=skos:closeMatch(separator=",")]
07:05:16.730  2166 DEBUG f.s.rdf.xls2rdf.Xls2RdfConverter - ColumnHeader [originalValue=skos:editorialNote@en, language=Optional[en], datatype=Optional.empty, property=http://www.w3.org/2004/02/skos/core#editorialNote, declaredProperty=skos:editorialNote, inverse=false, parameters={}, id=null, reconcileOn=null, headerCell=skos:editorialNote@en]
07:05:16.731  2167 DEBUG f.s.rdf.xls2rdf.Xls2RdfConverter - ColumnHeader [originalValue=dct:creator(separator=","), language=Optional.empty, datatype=Optional.empty, property=http://purl.org/dc/terms/creator, declaredProperty=dct:creator, inverse=false, parameters={separator=,}, id=null, reconcileOn=null, headerCell=dct:creator(separator=",")]
07:05:16.731  2167 DEBUG f.s.rdf.xls2rdf.Xls2RdfConverter - ColumnHeader [originalValue=dct:contributor(separator=","), language=Optional.empty, datatype=Optional.empty, property=http://purl.org/dc/terms/contributor, declaredProperty=dct:contributor, inverse=false, parameters={separator=,}, id=null, reconcileOn=null, headerCell=dct:contributor(separator=",")]
07:05:16.732  2168 INFO  f.s.rdf.xls2rdf.Xls2RdfConverter - Converting rows...
07:05:16.804  2240 INFO  f.s.rdf.xls2rdf.Xls2RdfConverter - Applying SKOS post-processings on the result
07:05:16.811  2247 DEBUG f.s.rdf.xls2rdf.SkosPostProcessor - Postprocessing : SkosPostProcessor
07:05:16.812  2248 DEBUG f.s.rdf.xls2rdf.SkosPostProcessor - Considering main resource like a ConceptScheme.
07:05:16.817  2253 DEBUG f.s.rdf.xls2rdf.SkosPostProcessor - Adding inverse skos:broader and skos:narrower
07:05:16.820  2256 DEBUG f.s.rdf.xls2rdf.SkosPostProcessor - Adding skos:inScheme
07:05:16.825  2261 DEBUG f.s.rdf.xls2rdf.SkosPostProcessor - Setting rdf:type skos:ConceptScheme to main resource
07:05:16.826  2262 DEBUG f.s.rdf.xls2rdf.SkosPostProcessor - Adding skos:hasTopConcept / skos:topConceptOf
07:05:16.829  2265 DEBUG f.s.rdf.xls2rdf.Xls2RdfConverter - Saving graph of 18 statements generated from Sheet Sheet1
